<?xml version="1.0" encoding="UTF-8"?>
<!-- Generated by org.testng.reporters.JUnitReportReporter -->
<testsuite hostname="DESKTOP-OOQ7SLD" failures="0" tests="3" name="com.crm.qa.testcases.LoginPageTest" time="25.415" errors="0" timestamp="26 Jul 2018 20:56:29 GMT" skipped="0">
  <testcase classname="com.crm.qa.testcases.LoginPageTest" name="loginPageTitleTest" time="5.822"/>
  <testcase classname="com.crm.qa.testcases.LoginPageTest" name="crmLogoImageTest" time="7.516"/>
  <testcase classname="com.crm.qa.testcases.LoginPageTest" name="loginTest" time="12.077"/>
</testsuite> <!-- com.crm.qa.testcases.LoginPageTest -->
